samples/HelloFacebookSample/build/outputs/logs/manifest-merger-debug-report.txt
-- Merging decision tree log ---
manifest
ADDED from samples\HelloFacebookSample\AndroidManifest.xml:22:1-57:12
	package
		ADDED from samples\HelloFacebookSample\AndroidManifest.xml:23:11-46
	android:versionName
		ADDED from samples\HelloFacebookSample\AndroidManifest.xml:25:11-36
	android:versionCode
		ADDED from samples\HelloFacebookSample\AndroidManifest.xml:24:11-34
		INJECTED from samples\HelloFacebookSample\AndroidManifest.xml
		INJECTED from samples\HelloFacebookSample\AndroidManifest.xml
	xmlns:android
		ADDED from samples\HelloFacebookSample\AndroidManifest.xml:22:11-69
uses-sdk
ADDED from samples\HelloFacebookSample\AndroidManifest.xml:26:5-42
MERGED from [com.facebook.android:facebook:4.5.0] AndroidManifest.xml:24:5-26:41
MERGED from [com.android.support:support-v4:22.2.1] AndroidManifest.xml:20:5-43
	android:targetSdkVersion
		INJECTED from samples\HelloFacebookSample\AndroidManifest.xml
		INJECTED from samples\HelloFacebookSample\AndroidManifest.xml
	android:minSdkVersion
		ADDED from samples\HelloFacebookSample\AndroidManifest.xml:26:15-40
		INJECTED from samples\HelloFacebookSample\AndroidManifest.xml
		INJECTED from samples\HelloFacebookSample\AndroidManifest.xml
uses-permission#android.permission.INTERNET
ADDED from samples\HelloFacebookSample\AndroidManifest.xml:27:5-66
	android:name
		ADDED from samples\HelloFacebookSample\AndroidManifest.xml:27:22-64
uses-permission#android.permission.WRITE_EXTERNAL_STORAGE
ADDED from samples\HelloFacebookSample\AndroidManifest.xml:28:5-80
	android:name
		ADDED from samples\HelloFacebookSample\AndroidManifest.xml:28:22-78
application
ADDED from samples\HelloFacebookSample\AndroidManifest.xml:29:5-56:19
MERGED from [com.facebook.android:facebook:4.5.0] AndroidManifest.xml:28:5-20
MERGED from [com.android.support:support-v4:22.2.1] AndroidManifest.xml:22:5-20
	android:label
		ADDED from samples\HelloFacebookSample\AndroidManifest.xml:29:18-50
	android:icon
		ADDED from samples\HelloFacebookSample\AndroidManifest.xml:30:18-47
	android:theme
		ADDED from samples\HelloFacebookSample\AndroidManifest.xml:31:18-65
activity#com.example.hellofacebook.HelloFacebookSampleActivity
ADDED from samples\HelloFacebookSample\AndroidManifest.xml:33:9-40:20
	android:label
		ADDED from samples\HelloFacebookSample\AndroidManifest.xml:34:19-51
	android:windowSoftInputMode
		ADDED from samples\HelloFacebookSample\AndroidManifest.xml:35:19-61
	android:name
		ADDED from samples\HelloFacebookSample\AndroidManifest.xml:33:19-62
intent-filter#android.intent.action.MAIN+android.intent.category.LAUNCHER
ADDED from samples\HelloFacebookSample\AndroidManifest.xml:36:13-39:29
action#android.intent.action.MAIN
ADDED from samples\HelloFacebookSample\AndroidManifest.xml:37:17-68
	android:name
		ADDED from samples\HelloFacebookSample\AndroidManifest.xml:37:25-66
category#android.intent.category.LAUNCHER
ADDED from samples\HelloFacebookSample\AndroidManifest.xml:38:17-76
	android:name
		ADDED from samples\HelloFacebookSample\AndroidManifest.xml:38:27-74
activity#com.facebook.FacebookActivity
ADDED from samples\HelloFacebookSample\AndroidManifest.xml:41:9-44:54
	android:label
		ADDED from samples\HelloFacebookSample\AndroidManifest.xml:44:19-51
	android:configChanges
		ADDED from samples\HelloFacebookSample\AndroidManifest.xml:42:19-102
	android:theme
		ADDED from samples\HelloFacebookSample\AndroidManifest.xml:43:19-78
	android:name
		ADDED from samples\HelloFacebookSample\AndroidManifest.xml:41:19-63
meta-data#com.facebook.sdk.ApplicationId
ADDED from samples\HelloFacebookSample\AndroidManifest.xml:45:9-98
	android:value
		ADDED from samples\HelloFacebookSample\AndroidManifest.xml:45:66-96
	android:name
		ADDED from samples\HelloFacebookSample\AndroidManifest.xml:45:20-65
meta-data#com.facebook.sdk.ApplicationName
ADDED from samples\HelloFacebookSample\AndroidManifest.xml:46:9-47:64
	android:value
		ADDED from samples\HelloFacebookSample\AndroidManifest.xml:47:20-61
	android:name
		ADDED from samples\HelloFacebookSample\AndroidManifest.xml:46:20-67
provider#com.facebook.FacebookContentProvider
ADDED from samples\HelloFacebookSample\AndroidManifest.xml:48:9-50:44
	android:authorities
		ADDED from samples\HelloFacebookSample\AndroidManifest.xml:48:19-96
	android:exported
		ADDED from samples\HelloFacebookSample\AndroidManifest.xml:50:19-42
	android:name
		ADDED from samples\HelloFacebookSample\AndroidManifest.xml:49:19-70
receiver#com.example.hellofacebook.HelloFacebookBroadcastReceiver
ADDED from samples\HelloFacebookSample\AndroidManifest.xml:51:9-55:20
	android:name
		ADDED from samples\HelloFacebookSample\AndroidManifest.xml:51:19-90
intent-filter#com.facebook.platform.AppCallResultBroadcast
ADDED from samples\HelloFacebookSample\AndroidManifest.xml:52:13-54:29
action#com.facebook.platform.AppCallResultBroadcast
ADDED from samples\HelloFacebookSample\AndroidManifest.xml:53:17-87
	android:name
		ADDED from samples\HelloFacebookSample\AndroidManifest.xml:53:25-84